<?xml version="1.0" encoding="UTF-8"?>
<!-- Generated by org.testng.reporters.JUnitReportReporter -->
<testsuite hostname="LAPTOP-SPK5B87V" failures="0" tests="1" name="scripts.Testcase1" time="9.815" errors="0" timestamp="2022-09-12T11:22:35 MESZ" skipped="0">
  <testcase classname="scripts.Testcase1" name="tc1" time="9.815"/>
  <system-out/>
</testsuite> <!-- scripts.Testcase1 -->
