<?xml version="1.0" encoding="UTF-8"?>
<!-- Generated by org.testng.reporters.JUnitReportReporter -->
<testsuite hostname="LAPTOP-SPK5B87V" failures="0" tests="1" name="jsExecutor.Test1" time="16.062" errors="0" timestamp="2022-09-22T14:30:33 MESZ" skipped="0">
  <testcase classname="jsExecutor.Test1" name="tc1" time="16.062"/>
  <system-out/>
</testsuite> <!-- jsExecutor.Test1 -->
